# Logfile created on 2014-04-12 16:47:36 +0200 by logger.rb/44203
I, [2014-04-12T16:47:36.167280 #7059]  INFO -- : 0:  rake (10.1.1) from /Users/yannick/.rvm/gems/ruby-2.1.0@bhteam.org/specifications/rake-10.1.1.gemspec
I, [2014-04-12T16:47:37.797637 #7059]  INFO -- : 0:  i18n (0.6.9) from /Users/yannick/.rvm/gems/ruby-2.1.0@bhteam.org/specifications/i18n-0.6.9.gemspec
I, [2014-04-12T16:47:37.798642 #7059]  INFO -- : 0:  minitest (4.7.5) from /Users/yannick/.rvm/rubies/ruby-2.1.0/lib/ruby/gems/2.1.0/specifications/default/minitest-4.7.5.gemspec
I, [2014-04-12T16:47:39.339933 #7059]  INFO -- : 0:  multi_json (1.8.4) from /Users/yannick/.rvm/gems/ruby-2.1.0@bhteam.org/specifications/multi_json-1.8.4.gemspec
I, [2014-04-12T16:47:43.914770 #7059]  INFO -- : 0:  atomic (1.1.14) from /Users/yannick/.rvm/gems/ruby-2.1.0@bhteam.org/specifications/atomic-1.1.14.gemspec
I, [2014-04-12T16:47:46.012362 #7059]  INFO -- : 0:  thread_safe (0.1.3) from /Users/yannick/.rvm/gems/ruby-2.1.0@bhteam.org/specifications/thread_safe-0.1.3.gemspec
I, [2014-04-12T16:47:48.878538 #7059]  INFO -- : 0:  tzinfo (0.3.38) from /Users/yannick/.rvm/gems/ruby-2.1.0@bhteam.org/specifications/tzinfo-0.3.38.gemspec
I, [2014-04-12T16:47:51.577438 #7059]  INFO -- : 0:  activesupport (4.0.2) from /Users/yannick/.rvm/gems/ruby-2.1.0@bhteam.org/specifications/activesupport-4.0.2.gemspec
I, [2014-04-12T16:47:53.021372 #7059]  INFO -- : 0:  blankslate (2.1.2.4) from /Users/yannick/.rvm/gems/ruby-2.1.0@bhteam.org/specifications/blankslate-2.1.2.4.gemspec
I, [2014-04-12T16:47:55.197893 #7059]  INFO -- : 0:  fast-stemmer (1.0.2) from /Users/yannick/.rvm/gems/ruby-2.1.0@bhteam.org/specifications/fast-stemmer-1.0.2.gemspec
I, [2014-04-12T16:47:56.923870 #7059]  INFO -- : 0:  classifier (1.3.4) from /Users/yannick/.rvm/gems/ruby-2.1.0@bhteam.org/specifications/classifier-1.3.4.gemspec
I, [2014-04-12T16:47:58.855066 #7059]  INFO -- : 0:  coderay (1.1.0) from /Users/yannick/.rvm/gems/ruby-2.1.0@bhteam.org/specifications/coderay-1.1.0.gemspec
I, [2014-04-12T16:48:00.286222 #7059]  INFO -- : 0:  colorator (0.1) from /Users/yannick/.rvm/gems/ruby-2.1.0@bhteam.org/specifications/colorator-0.1.gemspec
I, [2014-04-12T16:48:02.558571 #7059]  INFO -- : 0:  highline (1.6.20) from /Users/yannick/.rvm/gems/ruby-2.1.0@bhteam.org/specifications/highline-1.6.20.gemspec
I, [2014-04-12T16:48:04.291741 #7059]  INFO -- : 0:  commander (4.1.6) from /Users/yannick/.rvm/gems/ruby-2.1.0@bhteam.org/specifications/commander-4.1.6.gemspec
I, [2014-04-12T16:48:15.635118 #7059]  INFO -- : 0:  ffi (1.9.3) from /Users/yannick/.rvm/gems/ruby-2.1.0@bhteam.org/specifications/ffi-1.9.3.gemspec
I, [2014-04-12T16:48:59.956434 #7059]  INFO -- : 0:  liquid (2.5.5) from /Users/yannick/.rvm/gems/ruby-2.1.0@bhteam.org/specifications/liquid-2.5.5.gemspec
I, [2014-04-12T16:49:04.722692 #7059]  INFO -- : 0:  rb-fsevent (0.9.4) from /Users/yannick/.rvm/gems/ruby-2.1.0@bhteam.org/specifications/rb-fsevent-0.9.4.gemspec
I, [2014-04-12T16:49:06.580930 #7059]  INFO -- : 0:  rb-inotify (0.9.3) from /Users/yannick/.rvm/gems/ruby-2.1.0@bhteam.org/specifications/rb-inotify-0.9.3.gemspec
I, [2014-04-12T16:49:10.751723 #7059]  INFO -- : 0:  rb-kqueue (0.2.0) from /Users/yannick/.rvm/gems/ruby-2.1.0@bhteam.org/specifications/rb-kqueue-0.2.0.gemspec
I, [2014-04-12T16:49:12.952624 #7059]  INFO -- : 0:  listen (1.3.1) from /Users/yannick/.rvm/gems/ruby-2.1.0@bhteam.org/specifications/listen-1.3.1.gemspec
I, [2014-04-12T16:49:15.807864 #7059]  INFO -- : 0:  maruku (0.7.1) from /Users/yannick/.rvm/gems/ruby-2.1.0@bhteam.org/specifications/maruku-0.7.1.gemspec
I, [2014-04-12T16:49:19.830284 #7059]  INFO -- : 0:  posix-spawn (0.3.8) from /Users/yannick/.rvm/gems/ruby-2.1.0@bhteam.org/specifications/posix-spawn-0.3.8.gemspec
I, [2014-04-12T16:49:25.091943 #7059]  INFO -- : 0:  yajl-ruby (1.1.0) from /Users/yannick/.rvm/gems/ruby-2.1.0@bhteam.org/specifications/yajl-ruby-1.1.0.gemspec
E, [2014-04-12T16:49:33.816455 #7059] ERROR -- : SystemExit: exit
/Users/yannick/.rvm/gems/ruby-2.1.0@global/gems/bundler-1.5.1/bin/bundle:4:in `exit'  \n/Users/yannick/.rvm/gems/ruby-2.1.0@global/gems/bundler-1.5.1/bin/bundle:4:in `block in <top (required)>'  \n/Users/yannick/.rvm/rubies/ruby-2.1.0/lib/ruby/2.1.0/net/protocol.rb:155:in `call'  \n/Users/yannick/.rvm/rubies/ruby-2.1.0/lib/ruby/2.1.0/net/protocol.rb:155:in `select'  \n/Users/yannick/.rvm/rubies/ruby-2.1.0/lib/ruby/2.1.0/net/protocol.rb:155:in `rescue in rbuf_fill'  \n/Users/yannick/.rvm/rubies/ruby-2.1.0/lib/ruby/2.1.0/net/protocol.rb:152:in `rbuf_fill'  \n/Users/yannick/.rvm/rubies/ruby-2.1.0/lib/ruby/2.1.0/net/protocol.rb:104:in `read'  \n/Users/yannick/.rvm/rubies/ruby-2.1.0/lib/ruby/2.1.0/net/http/response.rb:284:in `block in read_body_0'  \n/Users/yannick/.rvm/rubies/ruby-2.1.0/lib/ruby/2.1.0/net/http/response.rb:269:in `inflater'  \n/Users/yannick/.rvm/rubies/ruby-2.1.0/lib/ruby/2.1.0/net/http/response.rb:274:in `read_body_0'  \n/Users/yannick/.rvm/rubies/ruby-2.1.0/lib/ruby/2.1.0/net/http/response.rb:201:in `read_body'  \n/Users/yannick/.rvm/rubies/ruby-2.1.0/lib/ruby/site_ruby/2.1.0/rubygems/request.rb:143:in `block in fetch'  \n/Users/yannick/.rvm/rubies/ruby-2.1.0/lib/ruby/2.1.0/net/http.rb:1415:in `block (2 levels) in transport_request'  \n/Users/yannick/.rvm/rubies/ruby-2.1.0/lib/ruby/2.1.0/net/http/response.rb:162:in `reading_body'  \n/Users/yannick/.rvm/rubies/ruby-2.1.0/lib/ruby/2.1.0/net/http.rb:1414:in `block in transport_request'  \n/Users/yannick/.rvm/rubies/ruby-2.1.0/lib/ruby/2.1.0/net/http.rb:1405:in `catch'  \n/Users/yannick/.rvm/rubies/ruby-2.1.0/lib/ruby/2.1.0/net/http.rb:1405:in `transport_request'  \n/Users/yannick/.rvm/rubies/ruby-2.1.0/lib/ruby/2.1.0/net/http.rb:1378:in `request'  \n/Users/yannick/.rvm/rubies/ruby-2.1.0/lib/ruby/site_ruby/2.1.0/rubygems/request.rb:137:in `fetch'  \n/Users/yannick/.rvm/rubies/ruby-2.1.0/lib/ruby/site_ruby/2.1.0/rubygems/remote_fetcher.rb:337:in `request'  \n/Users/yannick/.rvm/rubies/ruby-2.1.0/lib/ruby/site_ruby/2.1.0/rubygems/remote_fetcher.rb:231:in `fetch_http'  \n/Users/yannick/.rvm/rubies/ruby-2.1.0/lib/ruby/site_ruby/2.1.0/rubygems/remote_fetcher.rb:246:in `fetch_http'  \n/Users/yannick/.rvm/rubies/ruby-2.1.0/lib/ruby/site_ruby/2.1.0/rubygems/remote_fetcher.rb:266:in `fetch_path'  \n/Users/yannick/.rvm/rubies/ruby-2.1.0/lib/ruby/site_ruby/2.1.0/rubygems/remote_fetcher.rb:296:in `cache_update_path'  \n/Users/yannick/.rvm/rubies/ruby-2.1.0/lib/ruby/site_ruby/2.1.0/rubygems/remote_fetcher.rb:165:in `download'  \n/Users/yannick/.rvm/gems/ruby-2.1.0@global/gems/bundler-1.5.1/lib/bundler/rubygems_integration.rb:511:in `download_gem'  \n/Users/yannick/.rvm/gems/ruby-2.1.0@global/gems/bundler-1.5.1/lib/bundler/fetcher.rb:41:in `download_gem_from_uri'  \n/Users/yannick/.rvm/gems/ruby-2.1.0@global/gems/bundler-1.5.1/lib/bundler/source/rubygems.rb:78:in `install'  \n/Users/yannick/.rvm/gems/ruby-2.1.0@global/gems/bundler-1.5.1/lib/bundler/installer.rb:111:in `block in install_gem_from_spec'  \n/Users/yannick/.rvm/gems/ruby-2.1.0@global/gems/bundler-1.5.1/lib/bundler/rubygems_integration.rb:150:in `with_build_args'  \n/Users/yannick/.rvm/gems/ruby-2.1.0@global/gems/bundler-1.5.1/lib/bundler/installer.rb:110:in `install_gem_from_spec'  \n/Users/yannick/.rvm/gems/ruby-2.1.0@global/gems/bundler-1.5.1/lib/bundler/installer.rb:295:in `block in install_sequentially'  \n/Users/yannick/.rvm/rubies/ruby-2.1.0/lib/ruby/2.1.0/forwardable.rb:183:in `each'  \n/Users/yannick/.rvm/rubies/ruby-2.1.0/lib/ruby/2.1.0/forwardable.rb:183:in `each'  \n/Users/yannick/.rvm/gems/ruby-2.1.0@global/gems/bundler-1.5.1/lib/bundler/installer.rb:294:in `install_sequentially'  \n/Users/yannick/.rvm/gems/ruby-2.1.0@global/gems/bundler-1.5.1/lib/bundler/installer.rb:97:in `run'  \n/Users/yannick/.rvm/gems/ruby-2.1.0@global/gems/bundler-1.5.1/lib/bundler/installer.rb:15:in `install'  \n/Users/yannick/.rvm/gems/ruby-2.1.0@global/gems/bundler-1.5.1/lib/bundler/cli.rb:257:in `install'  \n/Users/yannick/.rvm/gems/ruby-2.1.0@global/gems/bundler-1.5.1/lib/bundler/vendor/thor/command.rb:27:in `run'  \n/Users/yannick/.rvm/gems/ruby-2.1.0@global/gems/bundler-1.5.1/lib/bundler/vendor/thor/invocation.rb:120:in `invoke_command'  \n/Users/yannick/.rvm/gems/ruby-2.1.0@global/gems/bundler-1.5.1/lib/bundler/vendor/thor.rb:363:in `dispatch'  \n/Users/yannick/.rvm/gems/ruby-2.1.0@global/gems/bundler-1.5.1/lib/bundler/vendor/thor/base.rb:438:in `start'  \n/Users/yannick/.rvm/gems/ruby-2.1.0@global/gems/bundler-1.5.1/lib/bundler/cli.rb:10:in `start'  \n/Users/yannick/.rvm/gems/ruby-2.1.0@global/gems/bundler-1.5.1/bin/bundle:22:in `block in <top (required)>'  \n/Users/yannick/.rvm/gems/ruby-2.1.0@global/gems/bundler-1.5.1/lib/bundler/friendly_errors.rb:5:in `with_friendly_errors'  \n/Users/yannick/.rvm/gems/ruby-2.1.0@global/gems/bundler-1.5.1/bin/bundle:22:in `<top (required)>'  \n/Users/yannick/.rvm/gems/ruby-2.1.0@global/bin/bundle:23:in `load'  \n/Users/yannick/.rvm/gems/ruby-2.1.0@global/bin/bundle:23:in `<main>'  \n/Users/yannick/.rvm/gems/ruby-2.1.0@global/bin/ruby_executable_hooks:15:in `eval'  \n/Users/yannick/.rvm/gems/ruby-2.1.0@global/bin/ruby_executable_hooks:15:in `<main>'
I, [2014-04-12T16:49:44.321537 #8260]  INFO -- : 0:  rake (10.1.1) from /Users/yannick/.rvm/gems/ruby-2.1.0@bhteam.org/specifications/rake-10.1.1.gemspec
I, [2014-04-12T16:49:44.322490 #8260]  INFO -- : 0:  i18n (0.6.9) from /Users/yannick/.rvm/gems/ruby-2.1.0@bhteam.org/specifications/i18n-0.6.9.gemspec
I, [2014-04-12T16:49:44.322905 #8260]  INFO -- : 0:  minitest (4.7.5) from /Users/yannick/.rvm/rubies/ruby-2.1.0/lib/ruby/gems/2.1.0/specifications/default/minitest-4.7.5.gemspec
I, [2014-04-12T16:49:44.323404 #8260]  INFO -- : 0:  multi_json (1.8.4) from /Users/yannick/.rvm/gems/ruby-2.1.0@bhteam.org/specifications/multi_json-1.8.4.gemspec
I, [2014-04-12T16:49:44.323848 #8260]  INFO -- : 0:  atomic (1.1.14) from /Users/yannick/.rvm/gems/ruby-2.1.0@bhteam.org/specifications/atomic-1.1.14.gemspec
I, [2014-04-12T16:49:44.324369 #8260]  INFO -- : 0:  thread_safe (0.1.3) from /Users/yannick/.rvm/gems/ruby-2.1.0@bhteam.org/specifications/thread_safe-0.1.3.gemspec
I, [2014-04-12T16:49:44.324782 #8260]  INFO -- : 0:  tzinfo (0.3.38) from /Users/yannick/.rvm/gems/ruby-2.1.0@bhteam.org/specifications/tzinfo-0.3.38.gemspec
I, [2014-04-12T16:49:44.325163 #8260]  INFO -- : 0:  activesupport (4.0.2) from /Users/yannick/.rvm/gems/ruby-2.1.0@bhteam.org/specifications/activesupport-4.0.2.gemspec
I, [2014-04-12T16:49:44.325525 #8260]  INFO -- : 0:  blankslate (2.1.2.4) from /Users/yannick/.rvm/gems/ruby-2.1.0@bhteam.org/specifications/blankslate-2.1.2.4.gemspec
I, [2014-04-12T16:49:44.325909 #8260]  INFO -- : 0:  fast-stemmer (1.0.2) from /Users/yannick/.rvm/gems/ruby-2.1.0@bhteam.org/specifications/fast-stemmer-1.0.2.gemspec
I, [2014-04-12T16:49:44.326292 #8260]  INFO -- : 0:  classifier (1.3.4) from /Users/yannick/.rvm/gems/ruby-2.1.0@bhteam.org/specifications/classifier-1.3.4.gemspec
I, [2014-04-12T16:49:44.326654 #8260]  INFO -- : 0:  coderay (1.1.0) from /Users/yannick/.rvm/gems/ruby-2.1.0@bhteam.org/specifications/coderay-1.1.0.gemspec
I, [2014-04-12T16:49:44.327040 #8260]  INFO -- : 0:  colorator (0.1) from /Users/yannick/.rvm/gems/ruby-2.1.0@bhteam.org/specifications/colorator-0.1.gemspec
I, [2014-04-12T16:49:44.327442 #8260]  INFO -- : 0:  highline (1.6.20) from /Users/yannick/.rvm/gems/ruby-2.1.0@bhteam.org/specifications/highline-1.6.20.gemspec
I, [2014-04-12T16:49:44.327865 #8260]  INFO -- : 0:  commander (4.1.6) from /Users/yannick/.rvm/gems/ruby-2.1.0@bhteam.org/specifications/commander-4.1.6.gemspec
I, [2014-04-12T16:49:44.328263 #8260]  INFO -- : 0:  ffi (1.9.3) from /Users/yannick/.rvm/gems/ruby-2.1.0@bhteam.org/specifications/ffi-1.9.3.gemspec
I, [2014-04-12T16:49:44.328646 #8260]  INFO -- : 0:  liquid (2.5.5) from /Users/yannick/.rvm/gems/ruby-2.1.0@bhteam.org/specifications/liquid-2.5.5.gemspec
I, [2014-04-12T16:49:44.329065 #8260]  INFO -- : 0:  rb-fsevent (0.9.4) from /Users/yannick/.rvm/gems/ruby-2.1.0@bhteam.org/specifications/rb-fsevent-0.9.4.gemspec
I, [2014-04-12T16:49:44.329450 #8260]  INFO -- : 0:  rb-inotify (0.9.3) from /Users/yannick/.rvm/gems/ruby-2.1.0@bhteam.org/specifications/rb-inotify-0.9.3.gemspec
I, [2014-04-12T16:49:44.329850 #8260]  INFO -- : 0:  rb-kqueue (0.2.0) from /Users/yannick/.rvm/gems/ruby-2.1.0@bhteam.org/specifications/rb-kqueue-0.2.0.gemspec
I, [2014-04-12T16:49:44.330276 #8260]  INFO -- : 0:  listen (1.3.1) from /Users/yannick/.rvm/gems/ruby-2.1.0@bhteam.org/specifications/listen-1.3.1.gemspec
I, [2014-04-12T16:49:44.330646 #8260]  INFO -- : 0:  maruku (0.7.1) from /Users/yannick/.rvm/gems/ruby-2.1.0@bhteam.org/specifications/maruku-0.7.1.gemspec
I, [2014-04-12T16:49:44.331060 #8260]  INFO -- : 0:  posix-spawn (0.3.8) from /Users/yannick/.rvm/gems/ruby-2.1.0@bhteam.org/specifications/posix-spawn-0.3.8.gemspec
I, [2014-04-12T16:49:44.331523 #8260]  INFO -- : 0:  yajl-ruby (1.1.0) from /Users/yannick/.rvm/gems/ruby-2.1.0@bhteam.org/specifications/yajl-ruby-1.1.0.gemspec
I, [2014-04-12T16:49:53.611610 #8260]  INFO -- : 0:  pygments.rb (0.5.4) from /Users/yannick/.rvm/gems/ruby-2.1.0@bhteam.org/specifications/pygments.rb-0.5.4.gemspec
I, [2014-04-12T16:50:00.015363 #8260]  INFO -- : 0:  redcarpet (2.3.0) from /Users/yannick/.rvm/gems/ruby-2.1.0@bhteam.org/specifications/redcarpet-2.3.0.gemspec
I, [2014-04-12T16:50:02.128120 #8260]  INFO -- : 0:  safe_yaml (0.9.7) from /Users/yannick/.rvm/gems/ruby-2.1.0@bhteam.org/specifications/safe_yaml-0.9.7.gemspec
I, [2014-04-12T16:50:03.761823 #8260]  INFO -- : 0:  parslet (1.5.0) from /Users/yannick/.rvm/gems/ruby-2.1.0@bhteam.org/specifications/parslet-1.5.0.gemspec
I, [2014-04-12T16:50:05.380912 #8260]  INFO -- : 0:  toml (0.1.0) from /Users/yannick/.rvm/gems/ruby-2.1.0@bhteam.org/specifications/toml-0.1.0.gemspec
I, [2014-04-12T16:50:08.244919 #8260]  INFO -- : 0:  jekyll (1.4.2) from /Users/yannick/.rvm/gems/ruby-2.1.0@bhteam.org/specifications/jekyll-1.4.2.gemspec
I, [2014-04-12T16:50:10.472177 #8260]  INFO -- : 0:  kramdown (1.3.1) from /Users/yannick/.rvm/gems/ruby-2.1.0@bhteam.org/specifications/kramdown-1.3.1.gemspec
I, [2014-04-12T16:50:12.436774 #8260]  INFO -- : 0:  stringex (2.2.0) from /Users/yannick/.rvm/gems/ruby-2.1.0@bhteam.org/specifications/stringex-2.2.0.gemspec
I, [2014-04-12T16:50:14.629270 #8260]  INFO -- : 0:  thor (0.18.1) from /Users/yannick/.rvm/gems/ruby-2.1.0@bhteam.org/specifications/thor-0.18.1.gemspec
I, [2014-04-12T16:50:14.630100 #8260]  INFO -- : 0:  bundler (1.5.1) from /Users/yannick/.rvm/gems/ruby-2.1.0@global/specifications/bundler-1.5.1.gemspec
